Password discovered at index: 2467771     Cracked Password: ~12345
Password discovered at index: 377659     Cracked Password: 12345!
Password discovered at index: 282116     Cracked Password: @12345
Password discovered at index: 254994     Cracked Password: 12345@
Password discovered at index: 2459264     Cracked Password: #12345
Password discovered at index: 1118751     Cracked Password: 12345$
Password discovered at index: 14323228     Cracked Password: %12345
Password discovered at index: 2377782     Cracked Password: 12345%
Password discovered at index: 738139     Cracked Password: 12345^
Password discovered at index: 13347951     Cracked Password: 12345&
Password discovered at index: 562913     Cracked Password: *12345
Password discovered at index: 192083     Cracked Password: 12345*
Password discovered at index: 2458144     Cracked Password: (12345
Password discovered at index: 1118449     Cracked Password: 12345_
Password discovered at index: 25804     Cracked Password: 12345+
Password discovered at index: 1118750     Cracked Password: 12345-
Password discovered at index: 11492434     Cracked Password: =12345
Password discovered at index: 13342172     Cracked Password: 12345]
Password discovered at index: 14336974     Cracked Password: "12345
Password discovered at index: 13347933     Cracked Password: 12345,
Password discovered at index: 14285358     Cracked Password: .12345
Password discovered at index: 164578     Cracked Password: 12345.
Password discovered at index: 1118456     Cracked Password: 12345?
Password discovered at index: 17736     Cracked Password: 112345
Password discovered at index: 10168     Cracked Password: 123451
Password discovered at index: 134873     Cracked Password: 212345
Password discovered at index: 54370     Cracked Password: 123452
Password discovered at index: 321951     Cracked Password: 312345
Password discovered at index: 98959     Cracked Password: 123453
Password discovered at index: 321758     Cracked Password: 412345
Password discovered at index: 24989     Cracked Password: 123454
Password discovered at index: 227794     Cracked Password: 512345
Password discovered at index: 5545     Cracked Password: 123455
Password discovered at index: 103146     Cracked Password: 612345
Password discovered at index: 0     Cracked Password: 123456
Password discovered at index: 2377739     Cracked Password: 123456
Password discovered at index: 441883     Cracked Password: 712345
Password discovered at index: 3187     Cracked Password: 123457
Password discovered at index: 715599     Cracked Password: 812345
Password discovered at index: 7994     Cracked Password: 123458
Password discovered at index: 190124     Cracked Password: 912345
Password discovered at index: 7962     Cracked Password: 123459
Password discovered at index: 759     Cracked Password: 012345
Password discovered at index: 7241     Cracked Password: 123450
Password discovered at index: 114327     Cracked Password: 1212345
Password discovered at index: 80208     Cracked Password: 1234512
Password discovered at index: 61022     Cracked Password: 12312345
Password discovered at index: 71891     Cracked Password: 12345123
Password discovered at index: 77266     Cracked Password: 123412345
Password discovered at index: 255020     Cracked Password: 123451234
Password discovered at index: 6181     Cracked Password: 1234512345
Password discovered at index: 6181     Cracked Password: 1234512345
Password discovered at index: 286075     Cracked Password: 12345612345
Password discovered at index: 325559     Cracked Password: 12345123456
Password discovered at index: 746335     Cracked Password: ~123456
Password discovered at index: 13342487     Cracked Password: 123456~
